# JRE version: Java(TM) SE Runtime Environment (8.0_121-b13) (build 1.8.0_121-b13)
# Java VM: Java HotSpot(TM) 64-Bit Server VM (25.121-b13 mixed mode windows-amd64 compressed oops)
Heap:
 PSYoungGen      total 16896K, used 14849K [0x00000000ed800000, 0x00000000ef900000, 0x0000000100000000)
  eden space 14848K, 86% used [0x00000000ed800000,0x00000000ee487d80,0x00000000ee680000)
  from space 2048K, 98% used [0x00000000ee680000,0x00000000ee8786e0,0x00000000ee880000)
  to   space 2048K, 0% used [0x00000000ef700000,0x00000000ef700000,0x00000000ef900000)
 ParOldGen       total 38400K, used 5696K [0x00000000c8800000, 0x00000000cad80000, 0x00000000ed800000)
  object space 38400K, 14% used [0x00000000c8800000,0x00000000c8d90188,0x00000000cad80000)
 Metaspace       used 11787K, capacity 11995K, committed 12416K, reserved 1060864K
  class space    used 944K, capacity 1032K, committed 1152K, reserved 1048576K
GC Heap History (6 events):
Event: 2.399 GC heap before
{Heap before GC invocations=1 (full 0):
 PSYoungGen      total 16896K, used 14848K [0x00000000ed800000, 0x00000000eea80000, 0x0000000100000000)
  eden space 14848K, 100% used [0x00000000ed800000,0x00000000ee680000,0x00000000ee680000)
  from space 2048K, 0% used [0x00000000ee880000,0x00000000ee880000,0x00000000eea80000)
  to   space 2048K, 0% used [0x00000000ee680000,0x00000000ee680000,0x00000000ee880000)
 ParOldGen       total 38400K, used 0K [0x00000000c8800000, 0x00000000cad80000, 0x00000000ed800000)
  object space 38400K, 0% used [0x00000000c8800000,0x00000000c8800000,0x00000000cad80000)
 Metaspace       used 8883K, capacity 9109K, committed 9344K, reserved 1058816K
  class space    used 756K, capacity 837K, committed 896K, reserved 1048576K
Event: 2.406 GC heap after
Heap after GC invocations=1 (full 0):
 PSYoungGen      total 16896K, used 2044K [0x00000000ed800000, 0x00000000eea80000, 0x0000000100000000)
  eden space 14848K, 0% used [0x00000000ed800000,0x00000000ed800000,0x00000000ee680000)
  from space 2048K, 99% used [0x00000000ee680000,0x00000000ee87f250,0x00000000ee880000)
  to   space 2048K, 0% used [0x00000000ee880000,0x00000000ee880000,0x00000000eea80000)
 ParOldGen       total 38400K, used 1413K [0x00000000c8800000, 0x00000000cad80000, 0x00000000ed800000)
  object space 38400K, 3% used [0x00000000c8800000,0x00000000c8961598,0x00000000cad80000)
 Metaspace       used 8883K, capacity 9109K, committed 9344K, reserved 1058816K
  class space    used 756K, capacity 837K, committed 896K, reserved 1048576K
}
Event: 3.318 GC heap before
{Heap before GC invocations=2 (full 0):
 PSYoungGen      total 16896K, used 16892K [0x00000000ed800000, 0x00000000eea80000, 0x0000000100000000)
  eden space 14848K, 100% used [0x00000000ed800000,0x00000000ee680000,0x00000000ee680000)
  from space 2048K, 99% used [0x00000000ee680000,0x00000000ee87f250,0x00000000ee880000)
  to   space 2048K, 0% used [0x00000000ee880000,0x00000000ee880000,0x00000000eea80000)
 ParOldGen       total 38400K, used 1413K [0x00000000c8800000, 0x00000000cad80000, 0x00000000ed800000)
  object space 38400K, 3% used [0x00000000c8800000,0x00000000c8961598,0x00000000cad80000)
 Metaspace       used 11748K, capacity 11931K, committed 12160K, reserved 1060864K
  class space    used 943K, capacity 1032K, committed 1152K, reserved 1048576K
Event: 3.330 GC heap after
Heap after GC invocations=2 (full 0):
 PSYoungGen      total 16896K, used 2017K [0x00000000ed800000, 0x00000000eea80000, 0x0000000100000000)
  eden space 14848K, 0% used [0x00000000ed800000,0x00000000ed800000,0x00000000ee680000)
  from space 2048K, 98% used [0x00000000ee880000,0x00000000eea78700,0x00000000eea80000)
  to   space 2048K, 0% used [0x00000000ee680000,0x00000000ee680000,0x00000000ee880000)
 ParOldGen       total 38400K, used 2558K [0x00000000c8800000, 0x00000000cad80000, 0x00000000ed800000)
  object space 38400K, 6% used [0x00000000c8800000,0x00000000c8a7f858,0x00000000cad80000)
 Metaspace       used 11748K, capacity 11931K, committed 12160K, reserved 1060864K
  class space    used 943K, capacity 1032K, committed 1152K, reserved 1048576K
}
Event: 4.425 GC heap before
{Heap before GC invocations=3 (full 0):
 PSYoungGen      total 16896K, used 16865K [0x00000000ed800000, 0x00000000eea80000, 0x0000000100000000)
  eden space 14848K, 100% used [0x00000000ed800000,0x00000000ee680000,0x00000000ee680000)
  from space 2048K, 98% used [0x00000000ee880000,0x00000000eea78700,0x00000000eea80000)
  to   space 2048K, 0% used [0x00000000ee680000,0x00000000ee680000,0x00000000ee880000)
 ParOldGen       total 38400K, used 2558K [0x00000000c8800000, 0x00000000cad80000, 0x00000000ed800000)
  object space 38400K, 6% used [0x00000000c8800000,0x00000000c8a7f858,0x00000000cad80000)
 Metaspace       used 11778K, capacity 11995K, committed 12416K, reserved 1060864K
  class space    used 943K, capacity 1032K, committed 1152K, reserved 1048576K
Event: 4.447 GC heap after
Heap after GC invocations=3 (full 0):
 PSYoungGen      total 16896K, used 2017K [0x00000000ed800000, 0x00000000ef900000, 0x0000000100000000)
  eden space 14848K, 0% used [0x00000000ed800000,0x00000000ed800000,0x00000000ee680000)
  from space 2048K, 98% used [0x00000000ee680000,0x00000000ee8786e0,0x00000000ee880000)
  to   space 2048K, 0% used [0x00000000ef700000,0x00000000ef700000,0x00000000ef900000)
 ParOldGen       total 38400K, used 5696K [0x00000000c8800000, 0x00000000cad80000, 0x00000000ed800000)
  object space 38400K, 14% used [0x00000000c8800000,0x00000000c8d90188,0x00000000cad80000)
 Metaspace       used 11778K, capacity 11995K, committed 12416K, reserved 1060864K
  class space    used 943K, capacity 1032K, committed 1152K, reserved 1048576K
}

